<?xml version="1.0" encoding="UTF-8"?>
<testng-results ignored="0" total="1" passed="0" failed="1" skipped="0">
  <reporter-output>
  </reporter-output>
  <suite started-at="2026-01-03T15:06:07 IST" name="Default suite" finished-at="2026-01-03T15:09:15 IST" duration-ms="187323">
    <groups>
    </groups>
    <test started-at="2026-01-03T15:06:07 IST" name="Default test" finished-at="2026-01-03T15:09:15 IST" duration-ms="187323">
      <class name="com.travolgo.test.Addtocart_Testcase">
        <test-method is-config="true" signature="setupReport()[pri:0, instance:com.travolgo.test.Addtocart_Testcase@16ecee1]" started-at="2026-01-03T15:06:07 IST" name="setupReport" finished-at="2026-01-03T15:06:07 IST" duration-ms="62" status="PASS">
          <reporter-output>
          </reporter-output>
        </test-method> <!-- setupReport -->
        <test-method is-config="true" signature="setup()[pri:0, instance:com.travolgo.test.Addtocart_Testcase@16ecee1]" started-at="2026-01-03T15:06:07 IST" name="setup" finished-at="2026-01-03T15:06:18 IST" duration-ms="10664" status="PASS">
          <reporter-output>
          </reporter-output>
        </test-method> <!-- setup -->
        <test-method signature="Addingtocart()[pri:0, instance:com.travolgo.test.Addtocart_Testcase@16ecee1]" started-at="2026-01-03T15:06:18 IST" name="Addingtocart" finished-at="2026-01-03T15:09:15 IST" duration-ms="176646" status="FAIL">
          <exception class="java.lang.AssertionError">
            <message>
              <![CDATA[Test failed: element click intercepted: Element <span class="nav-cart-icon nav-sprite"></span> is not clickable at point (1527, 30). Other element would receive the click: <span id="nav-cart-count" aria-hidden="true" class="nav-cart-count nav-cart-... nav-progressive-attribute nav-progressive-content">1</span>
  (Session info: chrome=143.0.7499.170)
Build info: version: '4.11.0', revision: '040bc5406b'
System info: os.name: 'Mac OS X', os.arch: 'aarch64', os.version: '26.0.1', java.version: '21.0.9'
Driver info: org.openqa.selenium.chrome.ChromeDriver
Command: [cf5d9b6563fc961a26d6a847f64a841b, clickElement {id=f.A9A25B593353E6C8D921086E7963ACB3.d.16200DE4DCC99B846E5C6CD286E1BBB8.e.502}]
Capabilities {acceptInsecureCerts: false, browserName: chrome, browserVersion: 143.0.7499.170, chrome: {chromedriverVersion: 143.0.7499.169 (164b20aab62..., userDataDir: /var/folders/ls/d5rccnb14d7...}, fedcm:accounts: true, goog:chromeOptions: {debuggerAddress: localhost:59295}, goog:processID: 19369, networkConnectionEnabled: false, pageLoadStrategy: normal, platformName: mac, proxy: Proxy(), se:cdp: ws://localhost:59295/devtoo..., se:cdpVersion: 143.0.7499.170, setWindowRect: true, strictFileInteractability: false, timeouts: {implicit: 0, pageLoad: 300000, script: 30000}, unhandledPromptBehavior: dismiss and notify, webauthn:extension:credBlob: true, webauthn:extension:largeBlob: true, webauthn:extension:minPinLength: true, webauthn:extension:prf: true, webauthn:virtualAuthenticators: true}
Element: [[ChromeDriver: chrome on mac (cf5d9b6563fc961a26d6a847f64a841b)] -> xpath: //span[@class='nav-cart-icon nav-sprite']]
Session ID: cf5d9b6563fc961a26d6a847f64a841b]]>
            </message>
            <full-stacktrace>
              <![CDATA[java.lang.AssertionError: Test failed: element click intercepted: Element <span class="nav-cart-icon nav-sprite"></span> is not clickable at point (1527, 30). Other element would receive the click: <span id="nav-cart-count" aria-hidden="true" class="nav-cart-count nav-cart-... nav-progressive-attribute nav-progressive-content">1</span>
  (Session info: chrome=143.0.7499.170)
Build info: version: '4.11.0', revision: '040bc5406b'
System info: os.name: 'Mac OS X', os.arch: 'aarch64', os.version: '26.0.1', java.version: '21.0.9'
Driver info: org.openqa.selenium.chrome.ChromeDriver
Command: [cf5d9b6563fc961a26d6a847f64a841b, clickElement {id=f.A9A25B593353E6C8D921086E7963ACB3.d.16200DE4DCC99B846E5C6CD286E1BBB8.e.502}]
Capabilities {acceptInsecureCerts: false, browserName: chrome, browserVersion: 143.0.7499.170, chrome: {chromedriverVersion: 143.0.7499.169 (164b20aab62..., userDataDir: /var/folders/ls/d5rccnb14d7...}, fedcm:accounts: true, goog:chromeOptions: {debuggerAddress: localhost:59295}, goog:processID: 19369, networkConnectionEnabled: false, pageLoadStrategy: normal, platformName: mac, proxy: Proxy(), se:cdp: ws://localhost:59295/devtoo..., se:cdpVersion: 143.0.7499.170, setWindowRect: true, strictFileInteractability: false, timeouts: {implicit: 0, pageLoad: 300000, script: 30000}, unhandledPromptBehavior: dismiss and notify, webauthn:extension:credBlob: true, webauthn:extension:largeBlob: true, webauthn:extension:minPinLength: true, webauthn:extension:prf: true, webauthn:virtualAuthenticators: true}
Element: [[ChromeDriver: chrome on mac (cf5d9b6563fc961a26d6a847f64a841b)] -> xpath: //span[@class='nav-cart-icon nav-sprite']]
Session ID: cf5d9b6563fc961a26d6a847f64a841b
at org.testng.Assert.fail(Assert.java:111)
at com.travolgo.test.Addtocart_Testcase.Addingtocart(Addtocart_Testcase.java:138)
at java.base/jdk.internal.reflect.DirectMethodHandleAccessor.invoke(DirectMethodHandleAccessor.java:103)
at java.base/java.lang.reflect.Method.invoke(Method.java:580)
at org.testng.internal.invokers.MethodInvocationHelper.invokeMethod(MethodInvocationHelper.java:141)
at org.testng.internal.invokers.TestInvoker.invokeMethod(TestInvoker.java:687)
at org.testng.internal.invokers.TestInvoker.invokeTestMethod(TestInvoker.java:230)
at org.testng.internal.invokers.MethodRunner.runInSequence(MethodRunner.java:63)
at org.testng.internal.invokers.TestInvoker$MethodInvocationAgent.invoke(TestInvoker.java:995)
at org.testng.internal.invokers.TestInvoker.invokeTestMethods(TestInvoker.java:203)
at org.testng.internal.invokers.TestMethodWorker.invokeTestMethods(TestMethodWorker.java:154)
at org.testng.internal.invokers.TestMethodWorker.run(TestMethodWorker.java:134)
at java.base/java.util.ArrayList.forEach(ArrayList.java:1596)
at org.testng.TestRunner.privateRun(TestRunner.java:741)
at org.testng.TestRunner.run(TestRunner.java:616)
at org.testng.SuiteRunner.runTest(SuiteRunner.java:421)
at org.testng.SuiteRunner.runSequentially(SuiteRunner.java:413)
at org.testng.SuiteRunner.privateRun(SuiteRunner.java:373)
at org.testng.SuiteRunner.run(SuiteRunner.java:312)
at org.testng.SuiteRunnerWorker.runSuite(SuiteRunnerWorker.java:52)
at org.testng.SuiteRunnerWorker.run(SuiteRunnerWorker.java:95)
at org.testng.TestNG.runSuitesSequentially(TestNG.java:1274)
at org.testng.TestNG.runSuitesLocally(TestNG.java:1208)
at org.testng.TestNG.runSuites(TestNG.java:1112)
at org.testng.TestNG.run(TestNG.java:1079)
at org.testng.remote.AbstractRemoteTestNG.run(AbstractRemoteTestNG.java:115)
at org.testng.remote.RemoteTestNG.initAndRun(RemoteTestNG.java:293)
at org.testng.remote.RemoteTestNG.main(RemoteTestNG.java:91)
]]>
            </full-stacktrace>
          </exception> <!-- java.lang.AssertionError -->
          <reporter-output>
          </reporter-output>
        </test-method> <!-- Addingtocart -->
        <test-method is-config="true" signature="tearDown()[pri:0, instance:com.travolgo.test.Addtocart_Testcase@16ecee1]" started-at="2026-01-03T15:09:20 IST" name="tearDown" finished-at="2026-01-03T15:09:20 IST" duration-ms="110" status="PASS">
          <reporter-output>
          </reporter-output>
        </test-method> <!-- tearDown -->
      </class> <!-- com.travolgo.test.Addtocart_Testcase -->
    </test> <!-- Default test -->
  </suite> <!-- Default suite -->
</testng-results>
